{"numFailedTestSuites":0,"numFailedTests":0,"numPassedTestSuites":6,"numPassedTests":23,"numPendingTestSuites":0,"numPendingTests":0,"numRuntimeErrorTestSuites":0,"numTodoTests":0,"numTotalTestSuites":6,"numTotalTests":23,"openHandles":[],"snapshot":{"added":0,"didUpdate":false,"failure":false,"filesAdded":0,"filesRemoved":0,"filesRemovedList":[],"filesUnmatched":0,"filesUpdated":0,"matched":23,"total":23,"unchecked":0,"uncheckedKeysByFile":[],"unmatched":0,"updated":0},"startTime":1666455159613,"success":true,"testResults":[{"assertionResults":[{"ancestorTitles":["<Icon />","Render"],"duration":137,"failureDetails":[],"failureMessages":[],"fullName":"<Icon /> Render must match chevronThinLeft","invocations":1,"location":null,"numPassingAsserts":0,"retryReasons":[],"status":"passed","title":"must match chevronThinLeft"},{"ancestorTitles":["<Icon />","Render"],"duration":6,"failureDetails":[],"failureMessages":[],"fullName":"<Icon /> Render must match chevronThinRight","invocations":1,"location":null,"numPassingAsserts":0,"retryReasons":[],"status":"passed","title":"must match chevronThinRight"},{"ancestorTitles":["<Icon />","Render"],"duration":53,"failureDetails":[],"failureMessages":[],"fullName":"<Icon /> Render must match backward","invocations":1,"location":null,"numPassingAsserts":0,"retryReasons":[],"status":"passed","title":"must match backward"},{"ancestorTitles":["<Icon />","Render"],"duration":6,"failureDetails":[],"failureMessages":[],"fullName":"<Icon /> Render must match forward","invocations":1,"location":null,"numPassingAsserts":0,"retryReasons":[],"status":"passed","title":"must match forward"},{"ancestorTitles":["<Icon />","Render"],"duration":6,"failureDetails":[],"failureMessages":[],"fullName":"<Icon /> Render must match calendar","invocations":1,"location":null,"numPassingAsserts":0,"retryReasons":[],"status":"passed","title":"must match calendar"}],"endTime":1666455167009,"message":"","name":"/Users/mts/PapillonBitsHub/calendar/packages/core/src/pattern/atom/Image/__tests__/Icon.int.test.js","startTime":1666455161131,"status":"passed","summary":""},{"assertionResults":[{"ancestorTitles":["<Label />","Render"],"duration":25,"failureDetails":[],"failureMessages":[],"fullName":"<Label /> Render must match blackTiny","invocations":1,"location":null,"numPassingAsserts":0,"retryReasons":[],"status":"passed","title":"must match blackTiny"},{"ancestorTitles":["<Label />","Render"],"duration":6,"failureDetails":[],"failureMessages":[],"fullName":"<Label /> Render must match blackSmall","invocations":1,"location":null,"numPassingAsserts":0,"retryReasons":[],"status":"passed","title":"must match blackSmall"},{"ancestorTitles":["<Label />","Render"],"duration":5,"failureDetails":[],"failureMessages":[],"fullName":"<Label /> Render must match blackMedium","invocations":1,"location":null,"numPassingAsserts":0,"retryReasons":[],"status":"passed","title":"must match blackMedium"},{"ancestorTitles":["<Label />","Render"],"duration":4,"failureDetails":[],"failureMessages":[],"fullName":"<Label /> Render must match blackLarge","invocations":1,"location":null,"numPassingAsserts":0,"retryReasons":[],"status":"passed","title":"must match blackLarge"},{"ancestorTitles":["<Label />","Render"],"duration":6,"failureDetails":[],"failureMessages":[],"fullName":"<Label /> Render must match blueTiny","invocations":1,"location":null,"numPassingAsserts":0,"retryReasons":[],"status":"passed","title":"must match blueTiny"},{"ancestorTitles":["<Label />","Render"],"duration":8,"failureDetails":[],"failureMessages":[],"fullName":"<Label /> Render must match blueSmall","invocations":1,"location":null,"numPassingAsserts":0,"retryReasons":[],"status":"passed","title":"must match blueSmall"},{"ancestorTitles":["<Label />","Render"],"duration":148,"failureDetails":[],"failureMessages":[],"fullName":"<Label /> Render must match blueMedium","invocations":1,"location":null,"numPassingAsserts":0,"retryReasons":[],"status":"passed","title":"must match blueMedium"},{"ancestorTitles":["<Label />","Render"],"duration":5,"failureDetails":[],"failureMessages":[],"fullName":"<Label /> Render must match blueLarge","invocations":1,"location":null,"numPassingAsserts":0,"retryReasons":[],"status":"passed","title":"must match blueLarge"},{"ancestorTitles":["<Label />","Render"],"duration":7,"failureDetails":[],"failureMessages":[],"fullName":"<Label /> Render must match greyTiny","invocations":1,"location":null,"numPassingAsserts":0,"retryReasons":[],"status":"passed","title":"must match greyTiny"},{"ancestorTitles":["<Label />","Render"],"duration":3,"failureDetails":[],"failureMessages":[],"fullName":"<Label /> Render must match greySmall","invocations":1,"location":null,"numPassingAsserts":0,"retryReasons":[],"status":"passed","title":"must match greySmall"},{"ancestorTitles":["<Label />","Render"],"duration":3,"failureDetails":[],"failureMessages":[],"fullName":"<Label /> Render must match greyMedium","invocations":1,"location":null,"numPassingAsserts":0,"retryReasons":[],"status":"passed","title":"must match greyMedium"},{"ancestorTitles":["<Label />","Render"],"duration":8,"failureDetails":[],"failureMessages":[],"fullName":"<Label /> Render must match greyLarge","invocations":1,"location":null,"numPassingAsserts":0,"retryReasons":[],"status":"passed","title":"must match greyLarge"}],"endTime":1666455167175,"message":"","name":"/Users/mts/PapillonBitsHub/calendar/packages/core/src/pattern/atom/Text/__tests__/Label.int.test.js","startTime":1666455161180,"status":"passed","summary":""},{"assertionResults":[{"ancestorTitles":["<Select />","Render"],"duration":101,"failureDetails":[],"failureMessages":[],"fullName":"<Select /> Render must match week","invocations":1,"location":null,"numPassingAsserts":0,"retryReasons":[],"status":"passed","title":"must match week"},{"ancestorTitles":["<Select />","Render"],"duration":11,"failureDetails":[],"failureMessages":[],"fullName":"<Select /> Render must match month","invocations":1,"location":null,"numPassingAsserts":0,"retryReasons":[],"status":"passed","title":"must match month"},{"ancestorTitles":["<Select />","Render"],"duration":11,"failureDetails":[],"failureMessages":[],"fullName":"<Select /> Render must match year","invocations":1,"location":null,"numPassingAsserts":0,"retryReasons":[],"status":"passed","title":"must match year"}],"endTime":1666455167344,"message":"","name":"/Users/mts/PapillonBitsHub/calendar/packages/core/src/pattern/molecule/Action/__tests__/Select.int.test.js","startTime":1666455161206,"status":"passed","summary":""},{"assertionResults":[{"ancestorTitles":["<CalendarInput />","Render"],"duration":53,"failureDetails":[],"failureMessages":[],"fullName":"<CalendarInput /> Render must match regular","invocations":1,"location":null,"numPassingAsserts":0,"retryReasons":[],"status":"passed","title":"must match regular"}],"endTime":1666455167485,"message":"","name":"/Users/mts/PapillonBitsHub/calendar/packages/core/src/pattern/molecule/Date/__tests__/CalendarInput.int.test.js","startTime":1666455161202,"status":"passed","summary":""},{"assertionResults":[{"ancestorTitles":["<Calendar />","Render"],"duration":109,"failureDetails":[],"failureMessages":[],"fullName":"<Calendar /> Render must match regular","invocations":1,"location":null,"numPassingAsserts":0,"retryReasons":[],"status":"passed","title":"must match regular"}],"endTime":1666455167585,"message":"","name":"/Users/mts/PapillonBitsHub/calendar/packages/core/src/pattern/organism/Date/__tests__/Calendar.int.test.js","startTime":1666455161204,"status":"passed","summary":""},{"assertionResults":[{"ancestorTitles":["<CalendarView />","Render"],"duration":72,"failureDetails":[],"failureMessages":[],"fullName":"<CalendarView /> Render must match regular","invocations":1,"location":null,"numPassingAsserts":0,"retryReasons":[],"status":"passed","title":"must match regular"}],"endTime":1666455167635,"message":"","name":"/Users/mts/PapillonBitsHub/calendar/packages/core/src/pattern/molecule/Date/__tests__/CalendarView.int.test.js","startTime":1666455161284,"status":"passed","summary":""}],"wasInterrupted":false}